  actividad1.cpp
C:\SFML\actividades mavi unidad 3\actividad 1(Sniper)\actividad 1(Sniper)\actividad1.cpp(24,43): warning C4244: 'argumento': conversión de 'T' a 'float'; posible pérdida de datos
C:\SFML\actividades mavi unidad 3\actividad 1(Sniper)\actividad 1(Sniper)\actividad1.cpp(24,43): warning C4244:         with
C:\SFML\actividades mavi unidad 3\actividad 1(Sniper)\actividad 1(Sniper)\actividad1.cpp(24,43): warning C4244:         [
C:\SFML\actividades mavi unidad 3\actividad 1(Sniper)\actividad 1(Sniper)\actividad1.cpp(24,43): warning C4244:             T=unsigned int
C:\SFML\actividades mavi unidad 3\actividad 1(Sniper)\actividad 1(Sniper)\actividad1.cpp(24,43): warning C4244:         ]
C:\SFML\actividades mavi unidad 3\actividad 1(Sniper)\actividad 1(Sniper)\actividad1.cpp(25,46): warning C4244: 'argumento': conversión de 'T' a 'float'; posible pérdida de datos
C:\SFML\actividades mavi unidad 3\actividad 1(Sniper)\actividad 1(Sniper)\actividad1.cpp(25,46): warning C4244:         with
C:\SFML\actividades mavi unidad 3\actividad 1(Sniper)\actividad 1(Sniper)\actividad1.cpp(25,46): warning C4244:         [
C:\SFML\actividades mavi unidad 3\actividad 1(Sniper)\actividad 1(Sniper)\actividad1.cpp(25,46): warning C4244:             T=unsigned int
C:\SFML\actividades mavi unidad 3\actividad 1(Sniper)\actividad 1(Sniper)\actividad1.cpp(25,46): warning C4244:         ]
C:\SFML\actividades mavi unidad 3\actividad 1(Sniper)\actividad 1(Sniper)\actividad1.cpp(26,101): warning C4244: 'argumento': conversión de 'T' a 'float'; posible pérdida de datos
C:\SFML\actividades mavi unidad 3\actividad 1(Sniper)\actividad 1(Sniper)\actividad1.cpp(26,101): warning C4244:         with
C:\SFML\actividades mavi unidad 3\actividad 1(Sniper)\actividad 1(Sniper)\actividad1.cpp(26,101): warning C4244:         [
C:\SFML\actividades mavi unidad 3\actividad 1(Sniper)\actividad 1(Sniper)\actividad1.cpp(26,101): warning C4244:             T=unsigned int
C:\SFML\actividades mavi unidad 3\actividad 1(Sniper)\actividad 1(Sniper)\actividad1.cpp(26,101): warning C4244:         ]
C:\SFML\actividades mavi unidad 3\actividad 1(Sniper)\actividad 1(Sniper)\actividad1.cpp(26,43): warning C4244: 'argumento': conversión de 'T' a 'float'; posible pérdida de datos
C:\SFML\actividades mavi unidad 3\actividad 1(Sniper)\actividad 1(Sniper)\actividad1.cpp(26,43): warning C4244:         with
C:\SFML\actividades mavi unidad 3\actividad 1(Sniper)\actividad 1(Sniper)\actividad1.cpp(26,43): warning C4244:         [
C:\SFML\actividades mavi unidad 3\actividad 1(Sniper)\actividad 1(Sniper)\actividad1.cpp(26,43): warning C4244:             T=unsigned int
C:\SFML\actividades mavi unidad 3\actividad 1(Sniper)\actividad 1(Sniper)\actividad1.cpp(26,43): warning C4244:         ]
  actividad 1(Sniper).vcxproj -> C:\SFML\actividades mavi unidad 3\actividad 1(Sniper)\Debug\actividad 1(Sniper).exe
